TN:
SF:.postcssrc.js
FNF:0
FNH:0
DA:3,0
LF:1
LH:0
BRF:0
BRH:0
end_of_record
TN:
SF:quasar.conf.js
FN:11,(anonymous_0)
FN:67,(anonymous_1)
FN:187,(anonymous_2)
FNF:3
FNH:0
FNDA:0,(anonymous_0)
FNDA:0,(anonymous_1)
FNDA:0,(anonymous_2)
DA:9,0
DA:11,0
DA:12,0
LF:3
LH:0
BRF:0
BRH:0
end_of_record
TN:
SF:.quasar\app.js
FN:28,(anonymous_0)
FN:49,(anonymous_1)
FNF:2
FNH:0
FNDA:0,(anonymous_0)
FNDA:0,(anonymous_1)
DA:31,0
DA:35,0
DA:40,0
DA:46,0
DA:49,0
DA:54,0
DA:60,0
LF:7
LH:0
BRDA:31,0,0,0
BRDA:31,0,1,0
BRDA:35,1,0,0
BRDA:35,1,1,0
BRF:4
BRH:0
end_of_record
TN:
SF:.quasar\client-entry.js
FN:59,start
FN:66,(anonymous_1)
FNF:2
FNH:0
FNDA:0,start
FNDA:0,(anonymous_1)
DA:44,0
DA:50,0
DA:56,0
DA:60,0
DA:65,0
DA:66,0
DA:67,0
DA:68,0
DA:72,0
DA:75,0
DA:76,0
DA:78,0
DA:79,0
DA:80,0
DA:83,0
DA:84,0
DA:96,0
DA:97,0
DA:98,0
DA:101,0
DA:102,0
DA:106,0
DA:107,0
DA:118,0
DA:129,0
LF:25
LH:0
BRDA:68,0,0,0
BRDA:68,0,1,0
BRDA:78,1,0,0
BRDA:78,1,1,0
BRDA:79,2,0,0
BRDA:79,2,1,0
BRDA:96,3,0,0
BRDA:96,3,1,0
BRDA:96,4,0,0
BRDA:96,4,1,0
BRDA:106,5,0,0
BRDA:106,5,1,0
BRF:12
BRH:0
end_of_record
TN:
SF:.quasar\client-prefetch.js
FN:22,getMatchedComponents
FN:29,(anonymous_1)
FN:30,(anonymous_2)
FN:40,addPreFetchHooks
FN:45,(anonymous_4)
FN:53,(anonymous_5)
FN:60,(anonymous_6)
FN:61,(anonymous_7)
FN:75,(anonymous_8)
FN:79,(anonymous_9)
FN:87,(anonymous_10)
FN:87,(anonymous_11)
FN:98,(anonymous_12)
FNF:13
FNH:0
FNDA:0,getMatchedComponents
FNDA:0,(anonymous_1)
FNDA:0,(anonymous_2)
FNDA:0,addPreFetchHooks
FNDA:0,(anonymous_4)
FNDA:0,(anonymous_5)
FNDA:0,(anonymous_6)
FNDA:0,(anonymous_7)
FNDA:0,(anonymous_8)
FNDA:0,(anonymous_9)
FNDA:0,(anonymous_10)
FNDA:0,(anonymous_11)
FNDA:0,(anonymous_12)
DA:18,0
DA:19,0
DA:23,0
DA:27,0
DA:29,0
DA:30,0
DA:31,0
DA:32,0
DA:45,0
DA:47,0
DA:48,0
DA:49,0
DA:51,0
DA:52,0
DA:54,0
DA:60,0
DA:61,0
DA:64,0
DA:65,0
DA:66,0
DA:70,0
DA:71,0
DA:74,0
DA:75,0
DA:76,0
DA:77,0
DA:79,0
DA:81,0
DA:86,0
DA:87,0
DA:99,0
DA:100,0
LF:32
LH:0
BRDA:18,0,0,0
BRDA:18,0,1,0
BRDA:23,1,0,0
BRDA:23,1,1,0
BRDA:24,2,0,0
BRDA:24,2,1,0
BRDA:27,3,0,0
BRDA:27,3,1,0
BRDA:34,4,0,0
BRDA:34,4,1,0
BRDA:54,5,0,0
BRDA:54,5,1,0
BRDA:55,6,0,0
BRDA:55,6,1,0
BRDA:55,6,2,0
BRDA:60,7,0,0
BRDA:60,7,1,0
BRDA:64,8,0,0
BRDA:64,8,1,0
BRDA:70,9,0,0
BRDA:70,9,1,0
BRDA:81,10,0,0
BRDA:81,10,1,0
BRDA:87,11,0,0
BRDA:87,11,1,0
BRF:25
BRH:0
end_of_record
TN:
SF:.quasar\import-quasar.js
FNF:0
FNH:0
DA:23,0
LF:1
LH:0
BRF:0
BRH:0
end_of_record
TN:
SF:.quasar\electron\electron-main.js
FN:2,(anonymous_0)
FN:7,__webpack_require__
FN:38,(anonymous_2)
FN:45,(anonymous_3)
FN:57,(anonymous_4)
FN:64,(anonymous_5)
FN:69,(anonymous_6)
FN:71,getDefault
FN:72,getModuleExports
FN:78,(anonymous_9)
FN:95,(anonymous_10)
FN:107,(anonymous_11)
FN:118,(anonymous_12)
FN:129,(anonymous_13)
FN:140,(anonymous_14)
FN:151,(anonymous_15)
FN:163,(anonymous_16)
FN:175,(anonymous_17)
FN:187,(anonymous_18)
FN:199,(anonymous_19)
FN:211,(anonymous_20)
FN:223,(anonymous_21)
FN:235,(anonymous_22)
FN:246,(anonymous_23)
FN:257,(anonymous_24)
FN:268,(anonymous_25)
FN:279,(anonymous_26)
FN:290,(anonymous_27)
FN:301,(anonymous_28)
FN:312,(anonymous_29)
FN:323,(anonymous_30)
FN:334,(anonymous_31)
FN:345,(anonymous_32)
FN:357,(anonymous_33)
FN:369,(anonymous_34)
FN:380,(anonymous_35)
FN:391,(anonymous_36)
FN:402,(anonymous_37)
FN:413,(anonymous_38)
FN:425,(anonymous_39)
FN:437,(anonymous_40)
FN:449,(anonymous_41)
FN:461,(anonymous_42)
FN:473,(anonymous_43)
FN:485,(anonymous_44)
FN:497,(anonymous_45)
FN:509,(anonymous_46)
FN:521,(anonymous_47)
FN:533,(anonymous_48)
FN:545,(anonymous_49)
FN:557,(anonymous_50)
FN:569,(anonymous_51)
FN:581,(anonymous_52)
FN:593,(anonymous_53)
FN:605,(anonymous_54)
FN:617,(anonymous_55)
FN:629,(anonymous_56)
FN:641,(anonymous_57)
FN:653,(anonymous_58)
FN:665,(anonymous_59)
FN:677,(anonymous_60)
FN:689,(anonymous_61)
FN:701,(anonymous_62)
FN:713,(anonymous_63)
FN:725,(anonymous_64)
FN:737,(anonymous_65)
FN:749,(anonymous_66)
FN:761,(anonymous_67)
FN:773,(anonymous_68)
FN:785,(anonymous_69)
FN:797,(anonymous_70)
FN:809,(anonymous_71)
FN:821,(anonymous_72)
FN:833,(anonymous_73)
FN:845,(anonymous_74)
FN:857,(anonymous_75)
FN:869,(anonymous_76)
FN:881,(anonymous_77)
FN:893,(anonymous_78)
FN:905,(anonymous_79)
FN:917,(anonymous_80)
FN:928,(anonymous_81)
FN:939,(anonymous_82)
FN:950,(anonymous_83)
FN:962,(anonymous_84)
FN:973,(anonymous_85)
FN:984,(anonymous_86)
FN:995,(anonymous_87)
FN:1007,(anonymous_88)
FN:1019,(anonymous_89)
FN:1031,(anonymous_90)
FN:1043,(anonymous_91)
FN:1055,(anonymous_92)
FN:1067,(anonymous_93)
FN:1079,(anonymous_94)
FN:1091,(anonymous_95)
FN:1103,(anonymous_96)
FN:1115,(anonymous_97)
FN:1127,(anonymous_98)
FN:1139,(anonymous_99)
FN:1151,(anonymous_100)
FN:1163,(anonymous_101)
FN:1175,(anonymous_102)
FN:1187,(anonymous_103)
FN:1199,(anonymous_104)
FN:1211,(anonymous_105)
FN:1222,(anonymous_106)
FN:1233,(anonymous_107)
FN:1245,(anonymous_108)
FN:1257,(anonymous_109)
FN:1269,(anonymous_110)
FN:1281,(anonymous_111)
FN:1292,(anonymous_112)
FN:1303,(anonymous_113)
FN:1314,(anonymous_114)
FN:1325,(anonymous_115)
FN:1336,(anonymous_116)
FN:1348,(anonymous_117)
FN:1360,(anonymous_118)
FN:1371,(anonymous_119)
FN:1382,(anonymous_120)
FN:1393,(anonymous_121)
FN:1404,(anonymous_122)
FN:1415,(anonymous_123)
FN:1426,(anonymous_124)
FN:1437,(anonymous_125)
FN:1448,(anonymous_126)
FN:1459,(anonymous_127)
FN:1470,(anonymous_128)
FN:1481,(anonymous_129)
FN:1492,(anonymous_130)
FNF:131
FNH:0
FNDA:0,(anonymous_0)
FNDA:0,__webpack_require__
FNDA:0,(anonymous_2)
FNDA:0,(anonymous_3)
FNDA:0,(anonymous_4)
FNDA:0,(anonymous_5)
FNDA:0,(anonymous_6)
FNDA:0,getDefault
FNDA:0,getModuleExports
FNDA:0,(anonymous_9)
FNDA:0,(anonymous_10)
FNDA:0,(anonymous_11)
FNDA:0,(anonymous_12)
FNDA:0,(anonymous_13)
FNDA:0,(anonymous_14)
FNDA:0,(anonymous_15)
FNDA:0,(anonymous_16)
FNDA:0,(anonymous_17)
FNDA:0,(anonymous_18)
FNDA:0,(anonymous_19)
FNDA:0,(anonymous_20)
FNDA:0,(anonymous_21)
FNDA:0,(anonymous_22)
FNDA:0,(anonymous_23)
FNDA:0,(anonymous_24)
FNDA:0,(anonymous_25)
FNDA:0,(anonymous_26)
FNDA:0,(anonymous_27)
FNDA:0,(anonymous_28)
FNDA:0,(anonymous_29)
FNDA:0,(anonymous_30)
FNDA:0,(anonymous_31)
FNDA:0,(anonymous_32)
FNDA:0,(anonymous_33)
FNDA:0,(anonymous_34)
FNDA:0,(anonymous_35)
FNDA:0,(anonymous_36)
FNDA:0,(anonymous_37)
FNDA:0,(anonymous_38)
FNDA:0,(anonymous_39)
FNDA:0,(anonymous_40)
FNDA:0,(anonymous_41)
FNDA:0,(anonymous_42)
FNDA:0,(anonymous_43)
FNDA:0,(anonymous_44)
FNDA:0,(anonymous_45)
FNDA:0,(anonymous_46)
FNDA:0,(anonymous_47)
FNDA:0,(anonymous_48)
FNDA:0,(anonymous_49)
FNDA:0,(anonymous_50)
FNDA:0,(anonymous_51)
FNDA:0,(anonymous_52)
FNDA:0,(anonymous_53)
FNDA:0,(anonymous_54)
FNDA:0,(anonymous_55)
FNDA:0,(anonymous_56)
FNDA:0,(anonymous_57)
FNDA:0,(anonymous_58)
FNDA:0,(anonymous_59)
FNDA:0,(anonymous_60)
FNDA:0,(anonymous_61)
FNDA:0,(anonymous_62)
FNDA:0,(anonymous_63)
FNDA:0,(anonymous_64)
FNDA:0,(anonymous_65)
FNDA:0,(anonymous_66)
FNDA:0,(anonymous_67)
FNDA:0,(anonymous_68)
FNDA:0,(anonymous_69)
FNDA:0,(anonymous_70)
FNDA:0,(anonymous_71)
FNDA:0,(anonymous_72)
FNDA:0,(anonymous_73)
FNDA:0,(anonymous_74)
FNDA:0,(anonymous_75)
FNDA:0,(anonymous_76)
FNDA:0,(anonymous_77)
FNDA:0,(anonymous_78)
FNDA:0,(anonymous_79)
FNDA:0,(anonymous_80)
FNDA:0,(anonymous_81)
FNDA:0,(anonymous_82)
FNDA:0,(anonymous_83)
FNDA:0,(anonymous_84)
FNDA:0,(anonymous_85)
FNDA:0,(anonymous_86)
FNDA:0,(anonymous_87)
FNDA:0,(anonymous_88)
FNDA:0,(anonymous_89)
FNDA:0,(anonymous_90)
FNDA:0,(anonymous_91)
FNDA:0,(anonymous_92)
FNDA:0,(anonymous_93)
FNDA:0,(anonymous_94)
FNDA:0,(anonymous_95)
FNDA:0,(anonymous_96)
FNDA:0,(anonymous_97)
FNDA:0,(anonymous_98)
FNDA:0,(anonymous_99)
FNDA:0,(anonymous_100)
FNDA:0,(anonymous_101)
FNDA:0,(anonymous_102)
FNDA:0,(anonymous_103)
FNDA:0,(anonymous_104)
FNDA:0,(anonymous_105)
FNDA:0,(anonymous_106)
FNDA:0,(anonymous_107)
FNDA:0,(anonymous_108)
FNDA:0,(anonymous_109)
FNDA:0,(anonymous_110)
FNDA:0,(anonymous_111)
FNDA:0,(anonymous_112)
FNDA:0,(anonymous_113)
FNDA:0,(anonymous_114)
FNDA:0,(anonymous_115)
FNDA:0,(anonymous_116)
FNDA:0,(anonymous_117)
FNDA:0,(anonymous_118)
FNDA:0,(anonymous_119)
FNDA:0,(anonymous_120)
FNDA:0,(anonymous_121)
FNDA:0,(anonymous_122)
FNDA:0,(anonymous_123)
FNDA:0,(anonymous_124)
FNDA:0,(anonymous_125)
FNDA:0,(anonymous_126)
FNDA:0,(anonymous_127)
FNDA:0,(anonymous_128)
FNDA:0,(anonymous_129)
FNDA:0,(anonymous_130)
DA:1,0
DA:4,0
DA:10,0
DA:11,0
DA:14,0
DA:21,0
DA:24,0
DA:27,0
DA:32,0
DA:35,0
DA:38,0
DA:39,0
DA:40,0
DA:45,0
DA:46,0
DA:47,0
DA:49,0
DA:57,0
DA:58,0
DA:59,0
DA:60,0
DA:61,0
DA:62,0
DA:63,0
DA:64,0
DA:65,0
DA:69,0
DA:70,0
DA:71,0
DA:72,0
DA:73,0
DA:74,0
DA:78,0
DA:81,0
DA:85,0
DA:98,0
DA:109,0
DA:120,0
DA:131,0
DA:142,0
DA:154,0
DA:166,0
DA:178,0
DA:190,0
DA:202,0
DA:214,0
DA:226,0
DA:237,0
DA:248,0
DA:259,0
DA:270,0
DA:281,0
DA:292,0
DA:303,0
DA:314,0
DA:325,0
DA:336,0
DA:348,0
DA:360,0
DA:371,0
DA:382,0
DA:393,0
DA:404,0
DA:416,0
DA:428,0
DA:440,0
DA:452,0
DA:464,0
DA:476,0
DA:488,0
DA:500,0
DA:512,0
DA:524,0
DA:536,0
DA:548,0
DA:560,0
DA:572,0
DA:584,0
DA:596,0
DA:608,0
DA:620,0
DA:632,0
DA:644,0
DA:656,0
DA:668,0
DA:680,0
DA:692,0
DA:704,0
DA:716,0
DA:728,0
DA:740,0
DA:752,0
DA:764,0
DA:776,0
DA:788,0
DA:800,0
DA:812,0
DA:824,0
DA:836,0
DA:848,0
DA:860,0
DA:872,0
DA:884,0
DA:896,0
DA:908,0
DA:919,0
DA:930,0
DA:941,0
DA:953,0
DA:964,0
DA:975,0
DA:986,0
DA:998,0
DA:1010,0
DA:1022,0
DA:1034,0
DA:1046,0
DA:1058,0
DA:1070,0
DA:1082,0
DA:1094,0
DA:1106,0
DA:1118,0
DA:1130,0
DA:1142,0
DA:1154,0
DA:1166,0
DA:1178,0
DA:1190,0
DA:1202,0
DA:1213,0
DA:1224,0
DA:1236,0
DA:1248,0
DA:1260,0
DA:1272,0
DA:1283,0
DA:1294,0
DA:1305,0
DA:1316,0
DA:1327,0
DA:1339,0
DA:1351,0
DA:1362,0
DA:1373,0
DA:1384,0
DA:1395,0
DA:1406,0
DA:1417,0
DA:1428,0
DA:1439,0
DA:1450,0
DA:1461,0
DA:1472,0
DA:1483,0
DA:1494,0
LF:156
LH:0
BRDA:10,0,0,0
BRDA:10,0,1,0
BRDA:39,1,0,0
BRDA:39,1,1,0
BRDA:46,2,0,0
BRDA:46,2,1,0
BRDA:46,3,0,0
BRDA:46,3,1,0
BRDA:58,4,0,0
BRDA:58,4,1,0
BRDA:59,5,0,0
BRDA:59,5,1,0
BRDA:60,6,0,0
BRDA:60,6,1,0
BRDA:60,7,0,0
BRDA:60,7,1,0
BRDA:60,7,2,0
BRDA:60,7,3,0
BRDA:64,8,0,0
BRDA:64,8,1,0
BRDA:64,9,0,0
BRDA:64,9,1,0
BRDA:70,10,0,0
BRDA:70,10,1,0
BRDA:70,11,0,0
BRDA:70,11,1,0
BRF:26
BRH:0
end_of_record
TN:
SF:src-electron\main-process\electron-main.dev.js
FN:16,(anonymous_0)
FN:18,(anonymous_1)
FN:21,(anonymous_2)
FNF:3
FNH:0
FNDA:0,(anonymous_0)
FNDA:0,(anonymous_1)
FNDA:0,(anonymous_2)
DA:13,0
DA:16,0
DA:17,0
DA:19,0
DA:22,0
LF:5
LH:0
BRF:0
BRH:0
end_of_record
TN:
SF:src-electron\main-process\electron-main.js
FN:19,createWindow
FN:40,(anonymous_1)
FN:47,(anonymous_2)
FN:53,(anonymous_3)
FNF:4
FNH:0
FNDA:0,createWindow
FNDA:0,(anonymous_1)
FNDA:0,(anonymous_2)
FNDA:0,(anonymous_3)
DA:3,0
DA:4,0
DA:5,0
DA:13,0
DA:14,0
DA:23,0
DA:38,0
DA:40,0
DA:41,0
DA:45,0
DA:47,0
DA:48,0
DA:49,0
DA:53,0
DA:54,0
DA:55,0
LF:16
LH:0
BRDA:4,0,0,0
BRDA:4,0,1,0
BRDA:4,1,0,0
BRDA:4,1,1,0
BRDA:13,2,0,0
BRDA:13,2,1,0
BRDA:48,3,0,0
BRDA:48,3,1,0
BRDA:54,4,0,0
BRDA:54,4,1,0
BRF:10
BRH:0
end_of_record
TN:
SF:src\config\types.ts
FNF:0
FNH:0
DA:1,0
LF:1
LH:0
BRF:0
BRH:0
end_of_record
TN:
SF:src\constants\constants.ts
FN:1,(anonymous_0)
FN:3,(anonymous_1)
FN:9,(anonymous_3)
FNF:3
FNH:3
FNDA:1,(anonymous_0)
FNDA:1,(anonymous_1)
FNDA:1,(anonymous_3)
DA:1,1
DA:3,1
DA:4,1
DA:5,1
DA:6,1
DA:7,1
DA:9,1
DA:11,1
DA:12,1
DA:13,1
LF:10
LH:10
BRDA:1,0,0,1
BRDA:1,0,1,1
BRF:2
BRH:2
end_of_record
TN:
SF:src\router\index.ts
FN:12,(anonymous_0)
FN:16,(anonymous_1)
FNF:2
FNH:0
FNDA:0,(anonymous_0)
FNDA:0,(anonymous_1)
DA:13,0
DA:15,0
DA:16,0
DA:26,0
LF:4
LH:0
BRF:0
BRH:0
end_of_record
TN:
SF:src\services\CalculoService.ts
FN:8,(anonymous_1)
FN:10,(anonymous_3)
FN:15,(anonymous_4)
FN:17,(anonymous_5)
FN:18,(anonymous_6)
FN:18,(anonymous_7)
FN:31,(anonymous_8)
FNF:7
FNH:7
FNDA:4,(anonymous_1)
FNDA:3,(anonymous_3)
FNDA:12,(anonymous_4)
FNDA:3,(anonymous_5)
FNDA:12,(anonymous_6)
FNDA:12,(anonymous_7)
FNDA:3,(anonymous_8)
DA:1,1
DA:2,1
DA:4,1
DA:6,1
DA:8,1
DA:10,3
DA:12,3
DA:15,12
DA:17,3
DA:18,12
DA:19,3
DA:20,3
DA:22,3
DA:23,3
DA:27,3
DA:31,1
DA:32,3
DA:33,3
DA:34,3
DA:36,3
DA:37,12
DA:39,12
DA:41,7
DA:42,7
DA:44,5
DA:46,5
DA:47,5
DA:51,12
DA:53,0
DA:56,3
DA:57,3
DA:59,3
DA:61,3
DA:64,3
DA:68,1
DA:70,1
LF:36
LH:35
BRDA:20,0,0,3
BRDA:20,0,1,0
BRDA:39,1,0,7
BRDA:39,1,1,5
BRDA:44,2,0,5
BRDA:44,2,1,0
BRDA:51,3,0,0
BRDA:51,3,1,12
BRDA:59,4,0,3
BRDA:59,4,1,0
BRF:10
BRH:6
end_of_record
